=== [TP1] ANALYSE STATIQUE AVEC BINWALK ===
ubuntu@sandbox:~/tp-firmware$ binwalk dir601_revB_FW_201.bin

DECIMAL       HEXADECIMAL     DESCRIPTION
--------------------------------------------------------------------------------
84            0x54            uImage header, header size: 64 bytes, header CRC: 0xE52A7F50, created: 2012-02-10 07:27:12, image size: 819799 bytes, Data Address: 0x80002000, Entry Point: 0x801AC9F0, data CRC: 0x6A10D412, OS: Linux, CPU: MIPS, image type: OS Kernel Image, compression type: lzma, image name: "Linux Kernel Image"
148           0x94            LZMA compressed data, properties: 0x5D, dictionary size: 8388608 bytes, uncompressed size: 2386252 bytes
917588        0xE0054         Squashfs filesystem, little endian, version 4.0, compression:lzma, size: 2588388 bytes, 375 inodes, blocksize: 16384 bytes, created: 2012-02-10 07:27:25

=== [TP1] EXTRACTION DU FILESYSTEM ===
ubuntu@sandbox:~/tp-firmware$ binwalk -e dir601_revB_FW_201.bin
ubuntu@sandbox:~/tp-firmware$ cd _dir601_revB_FW_201.bin.extracted/squashfs-root/
ubuntu@sandbox:~/.../squashfs-root$ ls -F
bin/  dev/  etc/  lib/  mnt/  proc/  sbin/  sys/  tmp/  usr/  var/  www/

=== [TP2] REVERSE ENGINEERING - ANALYSE DES BINAIRES ===
ubuntu@sandbox:~/.../squashfs-root$ file bin/busybox
bin/busybox: ELF 32-bit LSB executable, MIPS, MIPS-I version 1 (SYSV), dynamically linked, interpreter /lib/ld-uClibc.so.0, stripped

ubuntu@sandbox:~/.../squashfs-root$ strings bin/busybox | grep -i "password" | head -n 5
/etc/passwd
/etc/shadow
chpasswd
cryptpw
Password: 

=== [TP2] REVERSE ENGINEERING - RECHERCHE DE SECRETS ===
ubuntu@sandbox:~/.../squashfs-root$ cat etc/passwd
root:x:0:0:root:/root:/bin/sh
admin:x:0:0:admin:/www:/bin/sh
nobody:x:99:99:Nobody:/:/bin/sh

=== [TP3/TP4] EMULATION ET ANALYSE DYNAMIQUE (SIMULATION) ===
ubuntu@sandbox:~/firmadyne$ ./scripts/run.sh 1
[*] Port Forwarding: 192.168.0.1:80 -> 127.0.0.1:8080
[*] Firmware started successfully (MIPS architecture)

ubuntu@sandbox:~$ nmap 192.168.0.1
Starting Nmap 7.80 ( https://nmap.org )
Nmap scan report for 192.168.0.1
PORT   STATE SERVICE
80/tcp open  http
23/tcp open  telnet

=== [TP5] PATCHING DEFENSIF ===
ubuntu@sandbox:~/.../squashfs-root$ chmod -x usr/sbin/telnetd
ubuntu@sandbox:~/.../squashfs-root$ vi etc/passwd
# Changement du shell de root en /bin/false pour restreindre l'accès direct
ubuntu@sandbox:~/.../squashfs-root$ mksquashfs . ../patched_firmware.squashfs
Parallel mksquashfs: Using 2 processors
Creating 4.0 filesystem on ../patched_firmware.squashfs, block size 131072.
